<<<<<<< HEAD
{"level":"info","message":"POST/api/login/10/1234","timestamp":"2021-12-21T06:22:54.307Z"}
{"level":"info","message":"GET/api/account/CheckVersionV2/{version_name}/355288282022898","timestamp":"2021-12-21T07:15:49.070Z"}
{"level":"info","message":"POST/api/login/22222/123","timestamp":"2021-12-21T07:16:03.904Z"}
{"level":"info","message":"POST/api/login/22222/123","timestamp":"2021-12-21T07:16:39.478Z"}
{"level":"error","message":"error: syntax error at or near \"GROUP\"\n    at Parser.parseErrorMessage (/home/vaxeng/Documents/App_LTT_API/node_modules/pg-protocol/dist/parser.js:287:98)\n    at Parser.handlePacket (/home/vaxeng/Documents/App_LTT_API/node_modules/pg-protocol/dist/parser.js:126:29)\n    at Parser.parse (/home/vaxeng/Documents/App_LTT_API/node_modules/pg-protocol/dist/parser.js:39:38)\n    at Socket.<anonymous> (/home/vaxeng/Documents/App_LTT_API/node_modules/pg-protocol/dist/index.js:11:42)\n    at Socket.emit (node:events:390:28)\n    at addChunk (node:internal/streams/readable:315:12)\n    at readableAddChunk (node:internal/streams/readable:289:9)\n    at Socket.Readable.push (node:internal/streams/readable:228:10)\n    at TCP.onStreamRead (node:internal/stream_base_commons:199:23)","timestamp":"2021-12-21T08:33:16.888Z"}
{"level":"error","message":"error: column \"tbl_online.date_offline \" does not exist\n    at Parser.parseErrorMessage (/home/vaxeng/Documents/App_LTT_API/node_modules/pg-protocol/dist/parser.js:287:98)\n    at Parser.handlePacket (/home/vaxeng/Documents/App_LTT_API/node_modules/pg-protocol/dist/parser.js:126:29)\n    at Parser.parse (/home/vaxeng/Documents/App_LTT_API/node_modules/pg-protocol/dist/parser.js:39:38)\n    at Socket.<anonymous> (/home/vaxeng/Documents/App_LTT_API/node_modules/pg-protocol/dist/index.js:11:42)\n    at Socket.emit (node:events:390:28)\n    at addChunk (node:internal/streams/readable:315:12)\n    at readableAddChunk (node:internal/streams/readable:289:9)\n    at Socket.Readable.push (node:internal/streams/readable:228:10)\n    at TCP.onStreamRead (node:internal/stream_base_commons:199:23)","timestamp":"2021-12-21T09:27:48.528Z"}
{"level":"error","message":"error: column \"date_offline \" does not exist\n    at Parser.parseErrorMessage (/home/vaxeng/Documents/App_LTT_API/node_modules/pg-protocol/dist/parser.js:287:98)\n    at Parser.handlePacket (/home/vaxeng/Documents/App_LTT_API/node_modules/pg-protocol/dist/parser.js:126:29)\n    at Parser.parse (/home/vaxeng/Documents/App_LTT_API/node_modules/pg-protocol/dist/parser.js:39:38)\n    at Socket.<anonymous> (/home/vaxeng/Documents/App_LTT_API/node_modules/pg-protocol/dist/index.js:11:42)\n    at Socket.emit (node:events:390:28)\n    at addChunk (node:internal/streams/readable:315:12)\n    at readableAddChunk (node:internal/streams/readable:289:9)\n    at Socket.Readable.push (node:internal/streams/readable:228:10)\n    at TCP.onStreamRead (node:internal/stream_base_commons:199:23)","timestamp":"2021-12-21T09:28:03.759Z"}
{"level":"info","message":"POST/api/login/1234567/123","timestamp":"2021-12-21T09:53:02.303Z"}
{"level":"info","message":"POST/api/login/1234567/123","timestamp":"2021-12-21T09:59:31.637Z"}
{"level":"info","message":"POST/api/login/21818715/123","timestamp":"2021-12-22T09:41:39.261Z"}
{"level":"info","message":"POST/api/login/21818715/12300","timestamp":"2021-12-22T09:41:39.444Z"}
=======
{"code":"42803","file":"parse_agg.c","length":190,"level":"error","line":"1396","name":"error","position":"72","routine":"check_ungrouped_columns_walker","severity":"ERROR","timestamp":"2021-12-22T04:00:57.977Z"}
{"level":"info","message":"POST/api/login/21818715/123","timestamp":"2021-12-22T08:49:24.639Z"}
{"level":"info","message":"POST/api/login/21818715/12300","timestamp":"2021-12-22T08:49:25.174Z"}
{"level":"info","message":"POST/api/login/21818715/123","timestamp":"2021-12-22T09:21:02.828Z"}
{"level":"info","message":"POST/api/login/21818715/12300","timestamp":"2021-12-22T09:21:02.974Z"}
{"level":"info","message":"POST/api/login/21818715/123","timestamp":"2021-12-22T09:22:51.628Z"}
{"level":"info","message":"POST/api/login/21818715/12300","timestamp":"2021-12-22T09:22:51.774Z"}
{"level":"info","message":"POST/api/login/21818715/123","timestamp":"2021-12-22T09:41:30.842Z"}
{"level":"info","message":"POST/api/login/21818715/12300","timestamp":"2021-12-22T09:41:30.989Z"}
>>>>>>> fec33c4a93e502fa39ec5595b7eec71716524055
{"level":"info","message":"POST/api/login/21818715/123","timestamp":"2021-12-23T02:49:46.636Z"}
{"level":"info","message":"POST/api/login/21818715/12300","timestamp":"2021-12-23T02:49:46.915Z"}
{"level":"info","message":"POST/api/login/21818715/123","timestamp":"2021-12-23T02:55:48.448Z"}
{"level":"info","message":"POST/api/login/21818715/12300","timestamp":"2021-12-23T02:55:48.716Z"}
{"level":"info","message":"POST/api/login/21818715/123","timestamp":"2021-12-23T02:56:34.508Z"}
{"level":"info","message":"POST/api/login/21818715/12300","timestamp":"2021-12-23T02:56:34.781Z"}
{"level":"info","message":"POST/api/login/21818715/123","timestamp":"2021-12-23T02:56:54.117Z"}
{"level":"info","message":"POST/api/login/21818715/12300","timestamp":"2021-12-23T02:56:54.401Z"}
{"level":"info","message":"POST/api/login/21818715/123","timestamp":"2021-12-23T02:57:17.228Z"}
{"level":"info","message":"POST/api/login/21818715/12300","timestamp":"2021-12-23T02:57:17.503Z"}
{"level":"info","message":"POST/api/login/21818715/123","timestamp":"2021-12-23T02:59:06.694Z"}
{"level":"info","message":"POST/api/login/21818715/12300","timestamp":"2021-12-23T02:59:06.975Z"}
{"code":"22P02","file":"uuid.c","length":132,"level":"error","line":"134","name":"error","routine":"string_to_uuid","severity":"ERROR","timestamp":"2021-12-23T03:08:23.001Z"}
{"code":"22P02","file":"uuid.c","length":132,"level":"error","line":"134","name":"error","routine":"string_to_uuid","severity":"ERROR","timestamp":"2021-12-23T03:09:53.430Z"}
{"level":"error","timestamp":"2021-12-23T03:09:53.557Z"}
{"code":"22P02","file":"uuid.c","length":132,"level":"error","line":"134","name":"error","routine":"string_to_uuid","severity":"ERROR","timestamp":"2021-12-23T03:12:24.541Z"}
{"level":"error","timestamp":"2021-12-23T03:12:24.671Z"}
{"code":"22P02","file":"uuid.c","length":132,"level":"error","line":"134","name":"error","routine":"string_to_uuid","severity":"ERROR","timestamp":"2021-12-23T03:12:24.795Z"}
{"code":"22P02","file":"uuid.c","length":132,"level":"error","line":"134","name":"error","routine":"string_to_uuid","severity":"ERROR","timestamp":"2021-12-23T03:12:56.402Z"}
{"level":"error","timestamp":"2021-12-23T03:12:56.531Z"}
{"code":"22P02","file":"uuid.c","length":132,"level":"error","line":"134","name":"error","routine":"string_to_uuid","severity":"ERROR","timestamp":"2021-12-23T03:12:56.643Z"}
{"code":"22P02","file":"uuid.c","length":132,"level":"error","line":"134","name":"error","routine":"string_to_uuid","severity":"ERROR","timestamp":"2021-12-23T03:13:36.492Z"}
{"level":"error","timestamp":"2021-12-23T03:13:36.607Z"}
{"code":"22P02","file":"uuid.c","length":132,"level":"error","line":"134","name":"error","routine":"string_to_uuid","severity":"ERROR","timestamp":"2021-12-23T03:13:36.717Z"}
{"code":"22P02","file":"uuid.c","length":132,"level":"error","line":"134","name":"error","routine":"string_to_uuid","severity":"ERROR","timestamp":"2021-12-23T03:13:57.003Z"}
{"level":"error","timestamp":"2021-12-23T03:13:57.122Z"}
{"code":"22P02","file":"uuid.c","length":132,"level":"error","line":"134","name":"error","routine":"string_to_uuid","severity":"ERROR","timestamp":"2021-12-23T03:13:57.235Z"}
{"level":"info","message":"POST/api/login/21818715/123","timestamp":"2021-12-23T03:14:33.642Z"}
{"level":"info","message":"POST/api/login/21818715/12300","timestamp":"2021-12-23T03:14:33.914Z"}
{"code":"22P02","file":"uuid.c","length":132,"level":"error","line":"134","name":"error","routine":"string_to_uuid","severity":"ERROR","timestamp":"2021-12-23T03:14:35.518Z"}
{"level":"error","timestamp":"2021-12-23T03:14:35.631Z"}
{"code":"22P02","file":"uuid.c","length":132,"level":"error","line":"134","name":"error","routine":"string_to_uuid","severity":"ERROR","timestamp":"2021-12-23T03:14:35.740Z"}
{"level":"info","message":"POST/api/login/21818715/123","timestamp":"2021-12-23T03:24:31.086Z"}
{"level":"info","message":"POST/api/login/21818715/12300","timestamp":"2021-12-23T03:24:31.376Z"}
{"code":"22P02","file":"uuid.c","length":132,"level":"error","line":"134","name":"error","routine":"string_to_uuid","severity":"ERROR","timestamp":"2021-12-23T03:24:33.030Z"}
{"level":"error","timestamp":"2021-12-23T03:24:33.150Z"}
{"code":"22P02","file":"uuid.c","length":132,"level":"error","line":"134","name":"error","routine":"string_to_uuid","severity":"ERROR","timestamp":"2021-12-23T03:24:33.272Z"}
{"code":"22P02","file":"uuid.c","length":132,"level":"error","line":"134","name":"error","routine":"string_to_uuid","severity":"ERROR","timestamp":"2021-12-23T03:25:37.638Z"}
{"level":"error","timestamp":"2021-12-23T03:25:37.757Z"}
{"code":"22P02","file":"uuid.c","length":132,"level":"error","line":"134","name":"error","routine":"string_to_uuid","severity":"ERROR","timestamp":"2021-12-23T03:25:37.875Z"}
{"code":"22P02","file":"uuid.c","length":132,"level":"error","line":"134","name":"error","routine":"string_to_uuid","severity":"ERROR","timestamp":"2021-12-23T03:27:00.564Z"}
{"level":"error","timestamp":"2021-12-23T03:27:00.680Z"}
{"code":"22P02","file":"uuid.c","length":132,"level":"error","line":"134","name":"error","routine":"string_to_uuid","severity":"ERROR","timestamp":"2021-12-23T03:27:00.792Z"}
{"code":"22P02","file":"uuid.c","length":132,"level":"error","line":"134","name":"error","routine":"string_to_uuid","severity":"ERROR","timestamp":"2021-12-23T03:28:33.508Z"}
{"level":"error","timestamp":"2021-12-23T03:28:33.625Z"}
{"code":"22P02","file":"uuid.c","length":132,"level":"error","line":"134","name":"error","routine":"string_to_uuid","severity":"ERROR","timestamp":"2021-12-23T03:28:33.741Z"}
{"code":"22P02","file":"uuid.c","length":132,"level":"error","line":"134","name":"error","routine":"string_to_uuid","severity":"ERROR","timestamp":"2021-12-23T03:29:11.189Z"}
{"level":"error","timestamp":"2021-12-23T03:29:11.298Z"}
{"code":"22P02","file":"uuid.c","length":132,"level":"error","line":"134","name":"error","routine":"string_to_uuid","severity":"ERROR","timestamp":"2021-12-23T03:29:11.410Z"}
{"code":"22P02","file":"uuid.c","length":132,"level":"error","line":"134","name":"error","routine":"string_to_uuid","severity":"ERROR","timestamp":"2021-12-23T03:29:49.300Z"}
{"level":"error","timestamp":"2021-12-23T03:29:49.416Z"}
{"code":"22P02","file":"uuid.c","length":132,"level":"error","line":"134","name":"error","routine":"string_to_uuid","severity":"ERROR","timestamp":"2021-12-23T03:29:49.530Z"}
{"code":"22P02","file":"uuid.c","length":132,"level":"error","line":"134","name":"error","routine":"string_to_uuid","severity":"ERROR","timestamp":"2021-12-23T03:30:59.748Z"}
{"level":"error","timestamp":"2021-12-23T03:30:59.861Z"}
{"code":"22P02","file":"uuid.c","length":132,"level":"error","line":"134","name":"error","routine":"string_to_uuid","severity":"ERROR","timestamp":"2021-12-23T03:30:59.965Z"}
{"code":"22P02","file":"uuid.c","length":132,"level":"error","line":"134","name":"error","routine":"string_to_uuid","severity":"ERROR","timestamp":"2021-12-23T03:31:22.120Z"}
{"level":"error","timestamp":"2021-12-23T03:31:22.243Z"}
{"code":"22P02","file":"uuid.c","length":132,"level":"error","line":"134","name":"error","routine":"string_to_uuid","severity":"ERROR","timestamp":"2021-12-23T03:31:22.347Z"}
{"code":"22P02","file":"uuid.c","length":132,"level":"error","line":"134","name":"error","routine":"string_to_uuid","severity":"ERROR","timestamp":"2021-12-23T03:32:04.541Z"}
{"level":"error","timestamp":"2021-12-23T03:32:04.656Z"}
{"code":"22P02","file":"uuid.c","length":132,"level":"error","line":"134","name":"error","routine":"string_to_uuid","severity":"ERROR","timestamp":"2021-12-23T03:32:04.768Z"}
{"code":"22P02","file":"uuid.c","length":132,"level":"error","line":"134","name":"error","routine":"string_to_uuid","severity":"ERROR","timestamp":"2021-12-23T03:32:22.146Z"}
{"level":"error","timestamp":"2021-12-23T03:32:22.264Z"}
{"code":"22P02","file":"uuid.c","length":132,"level":"error","line":"134","name":"error","routine":"string_to_uuid","severity":"ERROR","timestamp":"2021-12-23T03:32:22.366Z"}
{"code":"22P02","file":"uuid.c","length":132,"level":"error","line":"134","name":"error","routine":"string_to_uuid","severity":"ERROR","timestamp":"2021-12-23T03:33:32.053Z"}
{"level":"error","timestamp":"2021-12-23T03:33:32.169Z"}
{"code":"22P02","file":"uuid.c","length":132,"level":"error","line":"134","name":"error","routine":"string_to_uuid","severity":"ERROR","timestamp":"2021-12-23T03:34:13.624Z"}
{"level":"error","timestamp":"2021-12-23T03:34:13.744Z"}
{"code":"22P02","file":"uuid.c","length":132,"level":"error","line":"134","name":"error","routine":"string_to_uuid","severity":"ERROR","timestamp":"2021-12-23T03:34:13.866Z"}
{"code":"22P02","file":"uuid.c","length":132,"level":"error","line":"134","name":"error","routine":"string_to_uuid","severity":"ERROR","timestamp":"2021-12-23T03:34:45.697Z"}
{"level":"error","timestamp":"2021-12-23T03:34:45.816Z"}
{"code":"22P02","file":"uuid.c","length":132,"level":"error","line":"134","name":"error","routine":"string_to_uuid","severity":"ERROR","timestamp":"2021-12-23T03:34:45.936Z"}
{"code":"22P02","file":"uuid.c","length":132,"level":"error","line":"134","name":"error","routine":"string_to_uuid","severity":"ERROR","timestamp":"2021-12-23T03:35:30.932Z"}
{"level":"error","timestamp":"2021-12-23T03:35:31.053Z"}
{"code":"22P02","file":"uuid.c","length":132,"level":"error","line":"134","name":"error","routine":"string_to_uuid","severity":"ERROR","timestamp":"2021-12-23T03:35:31.171Z"}
{"code":"22P02","file":"uuid.c","length":132,"level":"error","line":"134","name":"error","routine":"string_to_uuid","severity":"ERROR","timestamp":"2021-12-23T03:35:58.485Z"}
{"level":"error","timestamp":"2021-12-23T03:35:58.592Z"}
{"code":"22P02","file":"uuid.c","length":132,"level":"error","line":"134","name":"error","routine":"string_to_uuid","severity":"ERROR","timestamp":"2021-12-23T03:35:58.697Z"}
{"code":"22P02","file":"uuid.c","length":132,"level":"error","line":"134","name":"error","routine":"string_to_uuid","severity":"ERROR","timestamp":"2021-12-23T03:36:49.116Z"}
{"level":"error","timestamp":"2021-12-23T03:36:49.227Z"}
{"code":"22P02","file":"uuid.c","length":132,"level":"error","line":"134","name":"error","routine":"string_to_uuid","severity":"ERROR","timestamp":"2021-12-23T03:36:49.343Z"}
{"code":"22P02","file":"uuid.c","length":132,"level":"error","line":"134","name":"error","routine":"string_to_uuid","severity":"ERROR","timestamp":"2021-12-23T03:37:37.614Z"}
{"level":"error","timestamp":"2021-12-23T03:37:37.740Z"}
{"code":"22P02","file":"uuid.c","length":132,"level":"error","line":"134","name":"error","routine":"string_to_uuid","severity":"ERROR","timestamp":"2021-12-23T03:37:37.848Z"}
{"code":"22P02","file":"uuid.c","length":132,"level":"error","line":"134","name":"error","routine":"string_to_uuid","severity":"ERROR","timestamp":"2021-12-23T03:38:52.666Z"}
{"level":"error","timestamp":"2021-12-23T03:38:52.777Z"}
{"code":"22P02","file":"uuid.c","length":132,"level":"error","line":"134","name":"error","routine":"string_to_uuid","severity":"ERROR","timestamp":"2021-12-23T03:38:52.880Z"}
{"code":"22P02","file":"uuid.c","length":132,"level":"error","line":"134","name":"error","routine":"string_to_uuid","severity":"ERROR","timestamp":"2021-12-23T03:39:48.050Z"}
{"level":"error","timestamp":"2021-12-23T03:39:48.161Z"}
{"code":"22P02","file":"uuid.c","length":132,"level":"error","line":"134","name":"error","routine":"string_to_uuid","severity":"ERROR","timestamp":"2021-12-23T03:39:48.267Z"}
{"code":"22P02","file":"uuid.c","length":132,"level":"error","line":"134","name":"error","routine":"string_to_uuid","severity":"ERROR","timestamp":"2021-12-23T03:47:49.346Z"}
{"level":"error","timestamp":"2021-12-23T03:47:49.456Z"}
{"code":"22P02","file":"uuid.c","length":132,"level":"error","line":"134","name":"error","routine":"string_to_uuid","severity":"ERROR","timestamp":"2021-12-23T03:47:49.569Z"}
{"code":"22P02","file":"uuid.c","length":132,"level":"error","line":"134","name":"error","routine":"string_to_uuid","severity":"ERROR","timestamp":"2021-12-23T03:52:05.961Z"}
{"level":"error","timestamp":"2021-12-23T03:52:06.072Z"}
{"code":"22P02","file":"uuid.c","length":132,"level":"error","line":"134","name":"error","routine":"string_to_uuid","severity":"ERROR","timestamp":"2021-12-23T03:52:06.178Z"}
{"code":"ECONNRESET","errno":-104,"level":"error","syscall":"read","timestamp":"2021-12-23T03:53:04.098Z"}
{"code":"ECONNRESET","errno":-104,"level":"error","syscall":"read","timestamp":"2021-12-23T03:53:04.238Z"}
{"level":"error","timestamp":"2021-12-23T03:53:04.361Z"}
{"level":"error","timestamp":"2021-12-23T03:53:04.485Z"}
{"level":"error","timestamp":"2021-12-23T03:53:04.644Z"}
{"level":"error","timestamp":"2021-12-23T03:53:04.744Z"}
{"level":"error","timestamp":"2021-12-23T03:53:04.855Z"}
{"code":"ECONNRESET","errno":-104,"level":"error","syscall":"read","timestamp":"2021-12-23T03:53:04.965Z"}
{"code":"ECONNRESET","errno":-104,"level":"error","syscall":"read","timestamp":"2021-12-23T03:53:05.064Z"}
{"level":"error","timestamp":"2021-12-23T03:53:05.163Z"}
{"code":"ECONNRESET","errno":-104,"level":"error","syscall":"read","timestamp":"2021-12-23T03:53:24.159Z"}
{"level":"error","timestamp":"2021-12-23T03:53:24.272Z"}
{"level":"error","timestamp":"2021-12-23T03:53:24.390Z"}
{"code":"ECONNRESET","errno":-104,"level":"error","syscall":"read","timestamp":"2021-12-23T03:53:24.503Z"}
{"code":"ECONNRESET","errno":-104,"level":"error","syscall":"read","timestamp":"2021-12-23T03:53:24.611Z"}
{"code":"ECONNRESET","errno":-104,"level":"error","syscall":"read","timestamp":"2021-12-23T03:53:24.721Z"}
{"code":"ECONNRESET","errno":-104,"level":"error","syscall":"read","timestamp":"2021-12-23T03:53:24.832Z"}
{"code":"ECONNRESET","errno":-104,"level":"error","syscall":"read","timestamp":"2021-12-23T03:53:24.931Z"}
{"code":"ECONNRESET","errno":-104,"level":"error","syscall":"read","timestamp":"2021-12-23T03:53:25.041Z"}
{"code":"ECONNRESET","errno":-104,"level":"error","syscall":"read","timestamp":"2021-12-23T03:53:25.151Z"}
{"code":"ECONNRESET","errno":-104,"level":"error","syscall":"read","timestamp":"2021-12-23T03:54:09.800Z"}
{"code":"ECONNRESET","errno":-104,"level":"error","syscall":"read","timestamp":"2021-12-23T03:54:09.953Z"}
{"code":"ECONNRESET","errno":-104,"level":"error","syscall":"read","timestamp":"2021-12-23T03:54:10.052Z"}
{"code":"ECONNRESET","errno":-104,"level":"error","syscall":"read","timestamp":"2021-12-23T03:54:10.165Z"}
{"level":"error","timestamp":"2021-12-23T03:54:10.272Z"}
{"code":"ECONNRESET","errno":-104,"level":"error","syscall":"read","timestamp":"2021-12-23T03:54:10.382Z"}
{"code":"ECONNRESET","errno":-104,"level":"error","syscall":"read","timestamp":"2021-12-23T03:54:10.482Z"}
{"code":"ECONNRESET","errno":-104,"level":"error","syscall":"read","timestamp":"2021-12-23T03:54:10.592Z"}
{"code":"ECONNRESET","errno":-104,"level":"error","syscall":"read","timestamp":"2021-12-23T03:54:10.702Z"}
{"code":"ECONNRESET","errno":-104,"level":"error","syscall":"read","timestamp":"2021-12-23T03:54:10.812Z"}
{"level":"error","timestamp":"2021-12-23T03:54:44.486Z"}
{"code":"ECONNRESET","errno":-104,"level":"error","syscall":"read","timestamp":"2021-12-23T03:54:44.620Z"}
{"code":"ECONNRESET","errno":-104,"level":"error","syscall":"read","timestamp":"2021-12-23T03:54:44.711Z"}
{"code":"ECONNRESET","errno":-104,"level":"error","syscall":"read","timestamp":"2021-12-23T03:54:44.821Z"}
{"code":"ECONNRESET","errno":-104,"level":"error","syscall":"read","timestamp":"2021-12-23T03:54:44.920Z"}
{"code":"ECONNRESET","errno":-104,"level":"error","syscall":"read","timestamp":"2021-12-23T03:54:45.030Z"}
{"code":"ECONNRESET","errno":-104,"level":"error","syscall":"read","timestamp":"2021-12-23T03:54:45.129Z"}
{"code":"ECONNRESET","errno":-104,"level":"error","syscall":"read","timestamp":"2021-12-23T03:54:45.230Z"}
{"code":"ECONNRESET","errno":-104,"level":"error","syscall":"read","timestamp":"2021-12-23T03:54:45.340Z"}
{"code":"ECONNRESET","errno":-104,"level":"error","syscall":"read","timestamp":"2021-12-23T03:54:45.440Z"}
{"code":"ECONNRESET","errno":-104,"level":"error","syscall":"read","timestamp":"2021-12-23T03:54:45.549Z"}
{"level":"error","timestamp":"2021-12-23T03:55:15.766Z"}
{"code":"ECONNRESET","errno":-104,"level":"error","syscall":"read","timestamp":"2021-12-23T03:55:15.871Z"}
{"code":"ECONNRESET","errno":-104,"level":"error","syscall":"read","timestamp":"2021-12-23T03:55:15.990Z"}
{"code":"ECONNRESET","errno":-104,"level":"error","syscall":"read","timestamp":"2021-12-23T03:55:16.100Z"}
{"code":"ECONNRESET","errno":-104,"level":"error","syscall":"read","timestamp":"2021-12-23T03:55:16.199Z"}
{"code":"ECONNRESET","errno":-104,"level":"error","syscall":"read","timestamp":"2021-12-23T03:55:16.300Z"}
{"level":"error","timestamp":"2021-12-23T03:55:16.398Z"}
{"level":"error","timestamp":"2021-12-23T03:55:16.499Z"}
{"level":"error","timestamp":"2021-12-23T03:55:16.598Z"}
{"code":"ECONNRESET","errno":-104,"level":"error","syscall":"read","timestamp":"2021-12-23T03:55:16.699Z"}
{"level":"error","timestamp":"2021-12-23T03:55:16.808Z"}
{"code":"22P02","file":"uuid.c","length":132,"level":"error","line":"134","name":"error","routine":"string_to_uuid","severity":"ERROR","timestamp":"2021-12-23T03:56:46.178Z"}
{"level":"error","timestamp":"2021-12-23T03:56:46.296Z"}
{"code":"22P02","file":"uuid.c","length":132,"level":"error","line":"134","name":"error","routine":"string_to_uuid","severity":"ERROR","timestamp":"2021-12-23T03:56:46.418Z"}
{"code":"22P02","file":"uuid.c","length":132,"level":"error","line":"134","name":"error","routine":"string_to_uuid","severity":"ERROR","timestamp":"2021-12-23T03:57:32.039Z"}
{"level":"error","timestamp":"2021-12-23T03:57:32.148Z"}
{"code":"22P02","file":"uuid.c","length":132,"level":"error","line":"134","name":"error","routine":"string_to_uuid","severity":"ERROR","timestamp":"2021-12-23T03:57:32.256Z"}
{"code":"22P02","file":"uuid.c","length":132,"level":"error","line":"134","name":"error","routine":"string_to_uuid","severity":"ERROR","timestamp":"2021-12-23T03:59:20.116Z"}
{"level":"error","timestamp":"2021-12-23T03:59:20.230Z"}
{"code":"22P02","file":"uuid.c","length":132,"level":"error","line":"134","name":"error","routine":"string_to_uuid","severity":"ERROR","timestamp":"2021-12-23T03:59:20.339Z"}
{"code":"22P02","file":"uuid.c","length":132,"level":"error","line":"134","name":"error","routine":"string_to_uuid","severity":"ERROR","timestamp":"2021-12-23T04:00:06.500Z"}
{"level":"error","timestamp":"2021-12-23T04:00:06.626Z"}
{"code":"22P02","file":"uuid.c","length":132,"level":"error","line":"134","name":"error","routine":"string_to_uuid","severity":"ERROR","timestamp":"2021-12-23T04:00:06.745Z"}
{"level":"error","timestamp":"2021-12-23T04:01:03.838Z"}
{"code":"22P02","file":"uuid.c","length":132,"level":"error","line":"134","name":"error","routine":"string_to_uuid","severity":"ERROR","timestamp":"2021-12-23T04:01:03.949Z"}
{"level":"error","timestamp":"2021-12-23T04:01:23.153Z"}
{"code":"22P02","file":"uuid.c","length":132,"level":"error","line":"134","name":"error","routine":"string_to_uuid","severity":"ERROR","timestamp":"2021-12-23T04:01:23.279Z"}
{"level":"error","timestamp":"2021-12-23T04:03:37.108Z"}
{"code":"22P02","file":"uuid.c","length":132,"level":"error","line":"134","name":"error","routine":"string_to_uuid","severity":"ERROR","timestamp":"2021-12-23T04:03:37.229Z"}
{"level":"error","timestamp":"2021-12-23T04:04:52.723Z"}
{"code":"22P02","file":"uuid.c","length":132,"level":"error","line":"134","name":"error","routine":"string_to_uuid","severity":"ERROR","timestamp":"2021-12-23T04:04:52.827Z"}
{"level":"error","timestamp":"2021-12-23T04:05:16.236Z"}
{"code":"22P02","file":"uuid.c","length":132,"level":"error","line":"134","name":"error","routine":"string_to_uuid","severity":"ERROR","timestamp":"2021-12-23T04:05:16.340Z"}
{"code":"22P02","file":"uuid.c","length":132,"level":"error","line":"134","name":"error","routine":"string_to_uuid","severity":"ERROR","timestamp":"2021-12-23T04:05:28.632Z"}
{"level":"error","timestamp":"2021-12-23T04:05:28.746Z"}
{"code":"22P02","file":"uuid.c","length":132,"level":"error","line":"134","name":"error","routine":"string_to_uuid","severity":"ERROR","timestamp":"2021-12-23T04:05:28.854Z"}
{"level":"info","message":"POST/api/login/21818715/123","timestamp":"2021-12-23T04:05:43.008Z"}
{"level":"info","message":"POST/api/login/21818715/12300","timestamp":"2021-12-23T04:05:43.321Z"}
{"code":"22P02","file":"uuid.c","length":132,"level":"error","line":"134","name":"error","routine":"string_to_uuid","severity":"ERROR","timestamp":"2021-12-23T04:05:44.971Z"}
{"level":"error","timestamp":"2021-12-23T04:05:45.073Z"}
{"code":"22P02","file":"uuid.c","length":132,"level":"error","line":"134","name":"error","routine":"string_to_uuid","severity":"ERROR","timestamp":"2021-12-23T04:05:45.201Z"}
{"level":"info","message":"POST/api/login/21818715/123","timestamp":"2021-12-23T04:25:22.474Z"}
{"level":"info","message":"POST/api/login/21818715/12300","timestamp":"2021-12-23T04:25:22.718Z"}
{"code":"22P02","file":"uuid.c","length":132,"level":"error","line":"134","name":"error","routine":"string_to_uuid","severity":"ERROR","timestamp":"2021-12-23T04:25:24.401Z"}
{"level":"error","timestamp":"2021-12-23T04:25:24.517Z"}
{"code":"22P02","file":"uuid.c","length":132,"level":"error","line":"134","name":"error","routine":"string_to_uuid","severity":"ERROR","timestamp":"2021-12-23T04:25:24.620Z"}
{"level":"info","message":"POST/api/login/21818715/123","timestamp":"2021-12-23T04:26:13.242Z"}
{"level":"info","message":"POST/api/login/21818715/12300","timestamp":"2021-12-23T04:26:13.506Z"}
{"code":"22P02","file":"uuid.c","length":132,"level":"error","line":"134","name":"error","routine":"string_to_uuid","severity":"ERROR","timestamp":"2021-12-23T04:26:39.156Z"}
{"level":"error","timestamp":"2021-12-23T04:26:39.269Z"}
{"code":"22P02","file":"uuid.c","length":132,"level":"error","line":"134","name":"error","routine":"string_to_uuid","severity":"ERROR","timestamp":"2021-12-23T04:26:39.392Z"}
{"code":"22P02","file":"uuid.c","length":132,"level":"error","line":"134","name":"error","routine":"string_to_uuid","severity":"ERROR","timestamp":"2021-12-23T04:27:18.830Z"}
{"level":"error","timestamp":"2021-12-23T04:27:18.939Z"}
{"code":"22P02","file":"uuid.c","length":132,"level":"error","line":"134","name":"error","routine":"string_to_uuid","severity":"ERROR","timestamp":"2021-12-23T04:27:19.050Z"}
{"code":"22P02","file":"uuid.c","length":132,"level":"error","line":"134","name":"error","routine":"string_to_uuid","severity":"ERROR","timestamp":"2021-12-23T04:28:39.017Z"}
{"level":"error","timestamp":"2021-12-23T04:28:39.269Z"}
{"code":"22P02","file":"uuid.c","length":132,"level":"error","line":"134","name":"error","routine":"string_to_uuid","severity":"ERROR","timestamp":"2021-12-23T04:28:39.369Z"}
{"code":"22P02","file":"uuid.c","length":132,"level":"error","line":"134","name":"error","routine":"string_to_uuid","severity":"ERROR","timestamp":"2021-12-23T04:28:45.090Z"}
{"level":"error","timestamp":"2021-12-23T04:28:45.368Z"}
{"code":"22P02","file":"uuid.c","length":132,"level":"error","line":"134","name":"error","routine":"string_to_uuid","severity":"ERROR","timestamp":"2021-12-23T04:28:45.478Z"}
{"code":"22P02","file":"uuid.c","length":132,"level":"error","line":"134","name":"error","routine":"string_to_uuid","severity":"ERROR","timestamp":"2021-12-23T04:29:36.659Z"}
{"level":"error","timestamp":"2021-12-23T04:29:36.943Z"}
{"code":"22P02","file":"uuid.c","length":132,"level":"error","line":"134","name":"error","routine":"string_to_uuid","severity":"ERROR","timestamp":"2021-12-23T04:29:37.069Z"}
{"code":"22P02","file":"uuid.c","length":132,"level":"error","line":"134","name":"error","routine":"string_to_uuid","severity":"ERROR","timestamp":"2021-12-23T04:30:16.781Z"}
{"level":"error","timestamp":"2021-12-23T04:30:17.043Z"}
{"code":"22P02","file":"uuid.c","length":132,"level":"error","line":"134","name":"error","routine":"string_to_uuid","severity":"ERROR","timestamp":"2021-12-23T04:30:17.179Z"}
{"code":"22P02","file":"uuid.c","length":132,"level":"error","line":"134","name":"error","routine":"string_to_uuid","severity":"ERROR","timestamp":"2021-12-23T04:31:01.833Z"}
{"level":"error","timestamp":"2021-12-23T04:31:02.080Z"}
{"code":"22P02","file":"uuid.c","length":132,"level":"error","line":"134","name":"error","routine":"string_to_uuid","severity":"ERROR","timestamp":"2021-12-23T04:31:02.192Z"}
{"code":"22P02","file":"uuid.c","length":132,"level":"error","line":"134","name":"error","routine":"string_to_uuid","severity":"ERROR","timestamp":"2021-12-23T04:32:04.617Z"}
{"level":"error","timestamp":"2021-12-23T04:32:04.868Z"}
{"code":"22P02","file":"uuid.c","length":132,"level":"error","line":"134","name":"error","routine":"string_to_uuid","severity":"ERROR","timestamp":"2021-12-23T04:32:04.982Z"}
{"code":"22P02","file":"uuid.c","length":132,"level":"error","line":"134","name":"error","routine":"string_to_uuid","severity":"ERROR","timestamp":"2021-12-23T04:33:30.499Z"}
{"level":"error","timestamp":"2021-12-23T04:33:30.753Z"}
{"code":"22P02","file":"uuid.c","length":132,"level":"error","line":"134","name":"error","routine":"string_to_uuid","severity":"ERROR","timestamp":"2021-12-23T04:33:30.868Z"}
{"code":"22P02","file":"uuid.c","length":132,"level":"error","line":"134","name":"error","routine":"string_to_uuid","severity":"ERROR","timestamp":"2021-12-23T04:33:46.929Z"}
{"level":"error","timestamp":"2021-12-23T04:33:47.175Z"}
{"code":"22P02","file":"uuid.c","length":132,"level":"error","line":"134","name":"error","routine":"string_to_uuid","severity":"ERROR","timestamp":"2021-12-23T04:33:47.283Z"}
{"code":"22P02","file":"uuid.c","length":132,"level":"error","line":"134","name":"error","routine":"string_to_uuid","severity":"ERROR","timestamp":"2021-12-23T04:35:36.764Z"}
{"level":"error","timestamp":"2021-12-23T04:35:37.027Z"}
{"code":"22P02","file":"uuid.c","length":132,"level":"error","line":"134","name":"error","routine":"string_to_uuid","severity":"ERROR","timestamp":"2021-12-23T04:35:37.136Z"}
{"code":"22P02","file":"uuid.c","length":132,"level":"error","line":"134","name":"error","routine":"string_to_uuid","severity":"ERROR","timestamp":"2021-12-23T04:36:25.024Z"}
{"code":"22P02","file":"uuid.c","length":132,"level":"error","line":"134","name":"error","routine":"string_to_uuid","severity":"ERROR","timestamp":"2021-12-23T04:36:32.526Z"}
{"code":"22P02","file":"uuid.c","length":132,"level":"error","line":"134","name":"error","routine":"string_to_uuid","severity":"ERROR","timestamp":"2021-12-23T04:37:15.479Z"}
{"level":"error","timestamp":"2021-12-23T04:37:15.716Z"}
{"code":"22P02","file":"uuid.c","length":132,"level":"error","line":"134","name":"error","routine":"string_to_uuid","severity":"ERROR","timestamp":"2021-12-23T04:37:15.827Z"}
{"code":"22P02","file":"uuid.c","length":132,"level":"error","line":"134","name":"error","routine":"string_to_uuid","severity":"ERROR","timestamp":"2021-12-23T04:38:25.101Z"}
{"level":"error","timestamp":"2021-12-23T04:38:25.352Z"}
{"code":"22P02","file":"uuid.c","length":132,"level":"error","line":"134","name":"error","routine":"string_to_uuid","severity":"ERROR","timestamp":"2021-12-23T04:38:25.467Z"}
{"code":"22P02","file":"uuid.c","length":132,"level":"error","line":"134","name":"error","routine":"string_to_uuid","severity":"ERROR","timestamp":"2021-12-23T04:39:38.028Z"}
{"level":"error","timestamp":"2021-12-23T04:39:38.312Z"}
{"code":"22P02","file":"uuid.c","length":132,"level":"error","line":"134","name":"error","routine":"string_to_uuid","severity":"ERROR","timestamp":"2021-12-23T04:39:38.421Z"}
{"level":"error","timestamp":"2021-12-23T04:44:40.209Z"}
{"code":"22P02","file":"uuid.c","length":132,"level":"error","line":"134","name":"error","routine":"string_to_uuid","severity":"ERROR","timestamp":"2021-12-23T04:44:40.321Z"}
{"code":"22P02","file":"uuid.c","length":132,"level":"error","line":"134","name":"error","routine":"string_to_uuid","severity":"ERROR","timestamp":"2021-12-23T04:45:04.782Z"}
{"level":"error","timestamp":"2021-12-23T04:45:05.043Z"}
{"code":"22P02","file":"uuid.c","length":132,"level":"error","line":"134","name":"error","routine":"string_to_uuid","severity":"ERROR","timestamp":"2021-12-23T04:45:05.166Z"}
{"code":"22P02","file":"uuid.c","length":132,"level":"error","line":"134","name":"error","routine":"string_to_uuid","severity":"ERROR","timestamp":"2021-12-23T04:46:51.483Z"}
{"level":"error","timestamp":"2021-12-23T04:46:51.778Z"}
{"code":"22P02","file":"uuid.c","length":132,"level":"error","line":"134","name":"error","routine":"string_to_uuid","severity":"ERROR","timestamp":"2021-12-23T04:46:51.902Z"}
{"code":"42P01","file":"parse_relation.c","length":108,"level":"error","line":"1191","name":"error","position":"265","routine":"parserOpenTable","severity":"ERROR","timestamp":"2021-12-23T04:48:03.109Z"}
{"code":"42P01","file":"parse_relation.c","length":108,"level":"error","line":"1191","name":"error","position":"265","routine":"parserOpenTable","severity":"ERROR","timestamp":"2021-12-23T04:48:03.191Z"}
{"code":"42P01","file":"parse_relation.c","length":108,"level":"error","line":"1191","name":"error","position":"278","routine":"parserOpenTable","severity":"ERROR","timestamp":"2021-12-23T04:48:03.249Z"}
{"code":"42P01","file":"parse_relation.c","length":108,"level":"error","line":"1191","name":"error","position":"278","routine":"parserOpenTable","severity":"ERROR","timestamp":"2021-12-23T04:48:03.304Z"}
{"code":"42P01","file":"parse_relation.c","length":108,"level":"error","line":"1191","name":"error","position":"177","routine":"parserOpenTable","severity":"ERROR","timestamp":"2021-12-23T04:48:03.356Z"}
{"code":"42P01","file":"parse_relation.c","length":108,"level":"error","line":"1191","name":"error","position":"177","routine":"parserOpenTable","severity":"ERROR","timestamp":"2021-12-23T04:48:03.555Z"}
{"code":"42P01","file":"parse_relation.c","length":115,"level":"error","line":"1191","name":"error","position":"317","routine":"parserOpenTable","severity":"ERROR","timestamp":"2021-12-23T04:48:03.744Z"}
{"code":"42P01","file":"parse_relation.c","length":115,"level":"error","line":"1191","name":"error","position":"317","routine":"parserOpenTable","severity":"ERROR","timestamp":"2021-12-23T04:48:03.803Z"}
{"code":"42P01","file":"parse_relation.c","length":115,"level":"error","line":"1191","name":"error","position":"187","routine":"parserOpenTable","severity":"ERROR","timestamp":"2021-12-23T04:48:03.861Z"}
{"code":"42P01","file":"parse_relation.c","length":115,"level":"error","line":"1191","name":"error","position":"187","routine":"parserOpenTable","severity":"ERROR","timestamp":"2021-12-23T04:48:04.060Z"}
{"code":"22P02","file":"uuid.c","length":132,"level":"error","line":"134","name":"error","routine":"string_to_uuid","severity":"ERROR","timestamp":"2021-12-23T04:48:46.005Z"}
{"level":"error","timestamp":"2021-12-23T04:48:46.291Z"}
{"code":"22P02","file":"uuid.c","length":132,"level":"error","line":"134","name":"error","routine":"string_to_uuid","severity":"ERROR","timestamp":"2021-12-23T04:48:46.436Z"}
{"code":"22P02","file":"uuid.c","length":132,"level":"error","line":"134","name":"error","routine":"string_to_uuid","severity":"ERROR","timestamp":"2021-12-23T04:48:59.699Z"}
{"level":"error","timestamp":"2021-12-23T04:48:59.963Z"}
{"code":"22P02","file":"uuid.c","length":132,"level":"error","line":"134","name":"error","routine":"string_to_uuid","severity":"ERROR","timestamp":"2021-12-23T04:49:00.080Z"}
{"code":"42P01","file":"parse_relation.c","length":108,"level":"error","line":"1191","name":"error","position":"265","routine":"parserOpenTable","severity":"ERROR","timestamp":"2021-12-23T04:49:28.642Z"}
{"code":"42P01","file":"parse_relation.c","length":108,"level":"error","line":"1191","name":"error","position":"265","routine":"parserOpenTable","severity":"ERROR","timestamp":"2021-12-23T04:49:28.697Z"}
{"code":"42P01","file":"parse_relation.c","length":108,"level":"error","line":"1191","name":"error","position":"278","routine":"parserOpenTable","severity":"ERROR","timestamp":"2021-12-23T04:49:28.753Z"}
{"code":"42P01","file":"parse_relation.c","length":108,"level":"error","line":"1191","name":"error","position":"278","routine":"parserOpenTable","severity":"ERROR","timestamp":"2021-12-23T04:49:28.817Z"}
{"code":"42P01","file":"parse_relation.c","length":108,"level":"error","line":"1191","name":"error","position":"177","routine":"parserOpenTable","severity":"ERROR","timestamp":"2021-12-23T04:49:28.864Z"}
{"code":"42P01","file":"parse_relation.c","length":108,"level":"error","line":"1191","name":"error","position":"177","routine":"parserOpenTable","severity":"ERROR","timestamp":"2021-12-23T04:49:29.048Z"}
{"code":"42P01","file":"parse_relation.c","length":115,"level":"error","line":"1191","name":"error","position":"317","routine":"parserOpenTable","severity":"ERROR","timestamp":"2021-12-23T04:49:29.236Z"}
{"code":"42P01","file":"parse_relation.c","length":115,"level":"error","line":"1191","name":"error","position":"317","routine":"parserOpenTable","severity":"ERROR","timestamp":"2021-12-23T04:49:29.283Z"}
{"code":"42P01","file":"parse_relation.c","length":115,"level":"error","line":"1191","name":"error","position":"187","routine":"parserOpenTable","severity":"ERROR","timestamp":"2021-12-23T04:49:29.340Z"}
{"code":"42P01","file":"parse_relation.c","length":115,"level":"error","line":"1191","name":"error","position":"187","routine":"parserOpenTable","severity":"ERROR","timestamp":"2021-12-23T04:49:29.529Z"}
{"code":"22P02","file":"uuid.c","length":132,"level":"error","line":"134","name":"error","routine":"string_to_uuid","severity":"ERROR","timestamp":"2021-12-23T04:50:19.714Z"}
{"level":"error","timestamp":"2021-12-23T04:50:19.982Z"}
{"code":"22P02","file":"uuid.c","length":132,"level":"error","line":"134","name":"error","routine":"string_to_uuid","severity":"ERROR","timestamp":"2021-12-23T04:50:20.099Z"}
{"level":"info","message":"POST/api/login/21818715/123","timestamp":"2021-12-23T06:32:20.938Z"}
{"level":"info","message":"POST/api/login/21818715/12300","timestamp":"2021-12-23T06:32:21.244Z"}
{"code":"22P02","file":"uuid.c","length":132,"level":"error","line":"134","name":"error","routine":"string_to_uuid","severity":"ERROR","timestamp":"2021-12-23T06:32:21.579Z"}
{"level":"error","timestamp":"2021-12-23T06:32:21.810Z"}
{"code":"22P02","file":"uuid.c","length":132,"level":"error","line":"134","name":"error","routine":"string_to_uuid","severity":"ERROR","timestamp":"2021-12-23T06:32:21.907Z"}
{"level":"error","timestamp":"2021-12-23T06:35:39.782Z"}
{"level":"error","timestamp":"2021-12-23T06:35:52.138Z"}
{"level":"error","timestamp":"2021-12-23T06:36:05.926Z"}
{"level":"error","timestamp":"2021-12-23T06:36:21.977Z"}
{"level":"error","timestamp":"2021-12-23T06:37:27.010Z"}
{"level":"error","timestamp":"2021-12-23T06:38:27.409Z"}
{"level":"error","timestamp":"2021-12-23T06:38:35.891Z"}
{"level":"error","timestamp":"2021-12-23T06:39:44.548Z"}
{"level":"error","timestamp":"2021-12-23T06:39:49.287Z"}
{"level":"error","timestamp":"2021-12-23T06:40:19.615Z"}
{"level":"info","message":"POST/api/login/21818715/123","timestamp":"2021-12-23T06:40:37.672Z"}
{"level":"info","message":"POST/api/login/21818715/12300","timestamp":"2021-12-23T06:40:37.957Z"}
{"code":"22P02","file":"uuid.c","length":132,"level":"error","line":"134","name":"error","routine":"string_to_uuid","severity":"ERROR","timestamp":"2021-12-23T06:40:38.329Z"}
{"level":"error","timestamp":"2021-12-23T06:40:38.573Z"}
{"code":"22P02","file":"uuid.c","length":132,"level":"error","line":"134","name":"error","routine":"string_to_uuid","severity":"ERROR","timestamp":"2021-12-23T06:40:38.663Z"}
{"level":"error","timestamp":"2021-12-23T06:40:40.523Z"}
{"level":"error","timestamp":"2021-12-23T06:42:15.867Z"}
{"level":"error","timestamp":"2021-12-23T06:42:17.289Z"}
{"level":"error","timestamp":"2021-12-23T06:42:17.712Z"}
{"level":"info","message":"POST/api/login/21818715/123","timestamp":"2021-12-23T06:45:59.242Z"}
{"level":"info","message":"POST/api/login/21818715/12300","timestamp":"2021-12-23T06:45:59.521Z"}
{"code":"22P02","file":"uuid.c","length":132,"level":"error","line":"134","name":"error","routine":"string_to_uuid","severity":"ERROR","timestamp":"2021-12-23T06:45:59.812Z"}
{"level":"error","timestamp":"2021-12-23T06:46:00.032Z"}
{"code":"22P02","file":"uuid.c","length":132,"level":"error","line":"134","name":"error","routine":"string_to_uuid","severity":"ERROR","timestamp":"2021-12-23T06:46:00.126Z"}
{"level":"error","timestamp":"2021-12-23T06:46:01.499Z"}
{"level":"info","message":"POST/api/login/21818715/123","timestamp":"2021-12-23T06:46:41.845Z"}
{"level":"info","message":"POST/api/login/21818715/12300","timestamp":"2021-12-23T06:46:42.138Z"}
{"level":"error","timestamp":"2021-12-23T06:46:42.669Z"}
{"code":"22P02","file":"uuid.c","length":132,"level":"error","line":"134","name":"error","routine":"string_to_uuid","severity":"ERROR","timestamp":"2021-12-23T06:46:44.267Z"}
{"level":"error","timestamp":"2021-12-23T06:46:44.512Z"}
{"code":"22P02","file":"uuid.c","length":132,"level":"error","line":"134","name":"error","routine":"string_to_uuid","severity":"ERROR","timestamp":"2021-12-23T06:46:44.615Z"}
{"level":"info","message":"POST/api/login/21818715/123","timestamp":"2021-12-23T06:49:50.128Z"}
{"level":"info","message":"POST/api/login/21818715/12300","timestamp":"2021-12-23T06:49:50.456Z"}
{"level":"error","timestamp":"2021-12-23T06:49:51.036Z"}
{"code":"22P02","file":"uuid.c","length":132,"level":"error","line":"134","name":"error","routine":"string_to_uuid","severity":"ERROR","timestamp":"2021-12-23T06:49:52.201Z"}
{"level":"error","timestamp":"2021-12-23T06:49:52.429Z"}
{"code":"22P02","file":"uuid.c","length":132,"level":"error","line":"134","name":"error","routine":"string_to_uuid","severity":"ERROR","timestamp":"2021-12-23T06:49:52.530Z"}
{"level":"info","message":"POST/api/login/21818715/123","timestamp":"2021-12-23T06:50:07.996Z"}
{"level":"info","message":"POST/api/login/21818715/12300","timestamp":"2021-12-23T06:50:08.300Z"}
{"level":"error","timestamp":"2021-12-23T06:50:08.815Z"}
{"code":"22P02","file":"uuid.c","length":132,"level":"error","line":"134","name":"error","routine":"string_to_uuid","severity":"ERROR","timestamp":"2021-12-23T06:50:10.087Z"}
{"level":"error","timestamp":"2021-12-23T06:50:10.322Z"}
{"code":"22P02","file":"uuid.c","length":132,"level":"error","line":"134","name":"error","routine":"string_to_uuid","severity":"ERROR","timestamp":"2021-12-23T06:50:10.435Z"}
